<?xml version="1.0" encoding="UTF-8"?>
<!-- Generated by org.testng.reporters.JUnitXMLReporter -->
<testsuite ignored="0" hostname="DESKTOP-M98KAC9" failures="0" tests="5" name="CRUD Tests" time="24.865" errors="0" timestamp="2026-07-02T09:59:39 IST">
  <testcase classname="api.booking.CreateBookingTest" name="createBookingTest" time="1.966"/>
  <testcase classname="api.booking.GetBookingTest" name="getBookingTest" time="2.207"/>
  <testcase classname="api.booking.UpdateBookingTest" name="updateBookingTest" time="2.552"/>
  <testcase classname="api.booking.PartialUpdateBookingTest" name="partialUpdateBookingTest" time="2.428"/>
  <testcase classname="api.booking.DeleteBookingTest" name="deleteBookingTest" time="1.788"/>
</testsuite> <!-- CRUD Tests -->
