<?xml version="1.0" encoding="UTF-8"?>
<!-- Generated by org.testng.reporters.JUnitXMLReporter -->
<testsuite ignored="0" hostname="DESKTOP-M98KAC9" failures="0" tests="11" name="Login Module" time="63.613" errors="0" timestamp="2026-07-03T22:28:47 IST">
  <testcase classname="ui.login.ValidLoginTest" name="verifyValidLogin" time="3.597"/>
  <testcase classname="ui.login.InvalidLoginTest" name="verifyInvalidLogin" time="2.958"/>
  <testcase classname="ui.login.LockedUserTest" name="verifyLockedUserLogin" time="3.012"/>
  <testcase classname="ui.login.EmptyUsernameTest" name="verifyEmptyUsername" time="2.793"/>
  <testcase classname="ui.login.EmptyPasswordTest" name="verifyEmptyPassword" time="2.885"/>
  <testcase classname="ui.login.LogoutTest" name="verifyLogout" time="3.985"/>
  <testcase classname="ui.inventory.InventoryValidationTest" name="verifyInventoryPage" time="3.153"/>
  <testcase classname="ui.inventory.ProductCountTest" name="verifyProductCount" time="2.923"/>
  <testcase classname="ui.inventory.AddProductTest" name="verifyAddProductToCart" time="3.004"/>
  <testcase classname="ui.inventory.RemoveProductTest" name="verifyRemoveProductFromCart" time="3.299"/>
  <testcase classname="ui.inventory.ProductSortTest" name="verifyProductSorting" time="3.412"/>
</testsuite> <!-- Login Module -->
